[ Episode 1 / Step 0 ]
# # # # # # # # # # 
# T B B H         # 
#                 # 
# F               # 
#                 # 
#                 # 
#                 # 
#                 # 
#                 # 
# # # # # # # # # # 
[ last/next direc: Direc.RIGHT/Direc.RIGHT ]

[ Episode 1 / Step 1 ]
# # # # # # # # # # 
#   T B B H       # 
#                 # 
# F               # 
#                 # 
#                 # 
#                 # 
#                 # 
#                 # 
# # # # # # # # # # 
[ last/next direc: Direc.RIGHT/Direc.RIGHT ]

[ Episode 1 / Step 2 ]
# # # # # # # # # # 
#     T B B H     # 
#                 # 
# F               # 
#                 # 
#                 # 
#                 # 
#                 # 
#                 # 
# # # # # # # # # # 
[ last/next direc: Direc.RIGHT/Direc.RIGHT ]

[ Episode 1 / Step 3 ]
# # # # # # # # # # 
#       T B B H   # 
#                 # 
# F               # 
#                 # 
#                 # 
#                 # 
#                 # 
#                 # 
# # # # # # # # # # 
[ last/next direc: Direc.RIGHT/Direc.RIGHT ]

[ Episode 1 / Step 4 ]
# # # # # # # # # # 
#         T B B H # 
#                 # 
# F               # 
#                 # 
#                 # 
#                 # 
#                 # 
#                 # 
# # # # # # # # # # 
[ last/next direc: Direc.RIGHT/Direc.DOWN ]

[ Episode 1 / Step 5 ]
# # # # # # # # # # 
#           T B B # 
#               H # 
# F               # 
#                 # 
#                 # 
#                 # 
#                 # 
#                 # 
# # # # # # # # # # 
[ last/next direc: Direc.DOWN/Direc.DOWN ]

[ Episode 1 / Step 6 ]
# # # # # # # # # # 
#             T B # 
#               B # 
# F             H # 
#                 # 
#                 # 
#                 # 
#                 # 
#                 # 
# # # # # # # # # # 
[ last/next direc: Direc.DOWN/Direc.DOWN ]

[ Episode 1 / Step 7 ]
# # # # # # # # # # 
#               T # 
#               B # 
# F             B # 
#               H # 
#                 # 
#                 # 
#                 # 
#                 # 
# # # # # # # # # # 
[ last/next direc: Direc.DOWN/Direc.DOWN ]

[ Episode 1 / Step 8 ]
# # # # # # # # # # 
#                 # 
#               T # 
# F             B # 
#               B # 
#               H # 
#                 # 
#                 # 
#                 # 
# # # # # # # # # # 
[ last/next direc: Direc.DOWN/Direc.DOWN ]

[ Episode 1 / Step 9 ]
# # # # # # # # # # 
#                 # 
#                 # 
# F             T # 
#               B # 
#               B # 
#               H # 
#                 # 
#                 # 
# # # # # # # # # # 
[ last/next direc: Direc.DOWN/Direc.DOWN ]

[ Episode 1 / Step 10 ]
# # # # # # # # # # 
#                 # 
#                 # 
# F               # 
#               T # 
#               B # 
#               B # 
#               H # 
#                 # 
# # # # # # # # # # 
[ last/next direc: Direc.DOWN/Direc.DOWN ]

[ Episode 1 / Step 11 ]
# # # # # # # # # # 
#                 # 
#                 # 
# F               # 
#                 # 
#               T # 
#               B # 
#               B # 
#               H # 
# # # # # # # # # # 
[ last/next direc: Direc.DOWN/Direc.LEFT ]

[ Episode 1 / Step 12 ]
# # # # # # # # # # 
#                 # 
#                 # 
# F               # 
#                 # 
#                 # 
#               T # 
#               B # 
#             H B # 
# # # # # # # # # # 
[ last/next direc: Direc.LEFT/Direc.LEFT ]

[ Episode 1 / Step 13 ]
# # # # # # # # # # 
#                 # 
#                 # 
# F               # 
#                 # 
#                 # 
#                 # 
#               T # 
#           H B B # 
# # # # # # # # # # 
[ last/next direc: Direc.LEFT/Direc.LEFT ]

[ Episode 1 / Step 14 ]
# # # # # # # # # # 
#                 # 
#                 # 
# F               # 
#                 # 
#                 # 
#                 # 
#                 # 
#         H B B T # 
# # # # # # # # # # 
[ last/next direc: Direc.LEFT/Direc.LEFT ]

[ Episode 1 / Step 15 ]
# # # # # # # # # # 
#                 # 
#                 # 
# F               # 
#                 # 
#                 # 
#                 # 
#                 # 
#       H B B T   # 
# # # # # # # # # # 
[ last/next direc: Direc.LEFT/Direc.LEFT ]

[ Episode 1 / Step 16 ]
# # # # # # # # # # 
#                 # 
#                 # 
# F               # 
#                 # 
#                 # 
#                 # 
#                 # 
#     H B B T     # 
# # # # # # # # # # 
[ last/next direc: Direc.LEFT/Direc.LEFT ]

[ Episode 1 / Step 17 ]
# # # # # # # # # # 
#                 # 
#                 # 
# F               # 
#                 # 
#                 # 
#                 # 
#                 # 
#   H B B T       # 
# # # # # # # # # # 
[ last/next direc: Direc.LEFT/Direc.LEFT ]

[ Episode 1 / Step 18 ]
# # # # # # # # # # 
#                 # 
#                 # 
# F               # 
#                 # 
#                 # 
#                 # 
#                 # 
# H B B T         # 
# # # # # # # # # # 
[ last/next direc: Direc.LEFT/Direc.UP ]

[ Episode 1 / Step 19 ]
# # # # # # # # # # 
#                 # 
#                 # 
# F               # 
#                 # 
#                 # 
#                 # 
# H               # 
# B B T           # 
# # # # # # # # # # 
[ last/next direc: Direc.UP/Direc.UP ]

[ Episode 1 / Step 20 ]
# # # # # # # # # # 
#                 # 
#                 # 
# F               # 
#                 # 
#                 # 
# H               # 
# B               # 
# B T             # 
# # # # # # # # # # 
[ last/next direc: Direc.UP/Direc.UP ]

[ Episode 1 / Step 21 ]
# # # # # # # # # # 
#                 # 
#                 # 
# F               # 
#                 # 
# H               # 
# B               # 
# B               # 
# T               # 
# # # # # # # # # # 
[ last/next direc: Direc.UP/Direc.UP ]

[ Episode 1 / Step 22 ]
# # # # # # # # # # 
#                 # 
#                 # 
# F               # 
# H               # 
# B               # 
# B               # 
# T               # 
#                 # 
# # # # # # # # # # 
[ last/next direc: Direc.UP/Direc.UP ]

[ Episode 1 / Step 23 ]
# # # # # # # # # # 
#                 # 
#                 # 
# H               # 
# B               # 
# B               # 
# B               # 
# T           F   # 
#                 # 
# # # # # # # # # # 
[ last/next direc: Direc.UP/Direc.RIGHT ]

[ Episode 1 / Step 24 ]
# # # # # # # # # # 
#                 # 
#                 # 
# B H             # 
# B               # 
# B               # 
# T               # 
#             F   # 
#                 # 
# # # # # # # # # # 
[ last/next direc: Direc.RIGHT/Direc.RIGHT ]

[ Episode 1 / Step 25 ]
# # # # # # # # # # 
#                 # 
#                 # 
# B B H           # 
# B               # 
# T               # 
#                 # 
#             F   # 
#                 # 
# # # # # # # # # # 
[ last/next direc: Direc.RIGHT/Direc.RIGHT ]

[ Episode 1 / Step 26 ]
# # # # # # # # # # 
#                 # 
#                 # 
# B B B H         # 
# T               # 
#                 # 
#                 # 
#             F   # 
#                 # 
# # # # # # # # # # 
[ last/next direc: Direc.RIGHT/Direc.RIGHT ]

[ Episode 1 / Step 27 ]
# # # # # # # # # # 
#                 # 
#                 # 
# T B B B H       # 
#                 # 
#                 # 
#                 # 
#             F   # 
#                 # 
# # # # # # # # # # 
[ last/next direc: Direc.RIGHT/Direc.RIGHT ]

[ Episode 1 / Step 28 ]
# # # # # # # # # # 
#                 # 
#                 # 
#   T B B B H     # 
#                 # 
#                 # 
#                 # 
#             F   # 
#                 # 
# # # # # # # # # # 
[ last/next direc: Direc.RIGHT/Direc.DOWN ]

[ Episode 1 / Step 29 ]
# # # # # # # # # # 
#                 # 
#                 # 
#     T B B B     # 
#           H     # 
#                 # 
#                 # 
#             F   # 
#                 # 
# # # # # # # # # # 
[ last/next direc: Direc.DOWN/Direc.DOWN ]

[ Episode 1 / Step 30 ]
# # # # # # # # # # 
#                 # 
#                 # 
#       T B B     # 
#           B     # 
#           H     # 
#                 # 
#             F   # 
#                 # 
# # # # # # # # # # 
[ last/next direc: Direc.DOWN/Direc.DOWN ]

[ Episode 1 / Step 31 ]
# # # # # # # # # # 
#                 # 
#                 # 
#         T B     # 
#           B     # 
#           B     # 
#           H     # 
#             F   # 
#                 # 
# # # # # # # # # # 
[ last/next direc: Direc.DOWN/Direc.DOWN ]

[ Episode 1 / Step 32 ]
# # # # # # # # # # 
#                 # 
#                 # 
#           T     # 
#           B     # 
#           B     # 
#           B     # 
#           H F   # 
#                 # 
# # # # # # # # # # 
[ last/next direc: Direc.DOWN/Direc.RIGHT ]

[ Episode 1 / Step 33 ]
# # # # # # # # # # 
#                 # 
#                 # 
#           T     # 
#           B     # 
#       F   B     # 
#           B     # 
#           B H   # 
#                 # 
# # # # # # # # # # 
[ last/next direc: Direc.RIGHT/Direc.UP ]

[ Episode 1 / Step 34 ]
# # # # # # # # # # 
#                 # 
#                 # 
#                 # 
#           T     # 
#       F   B     # 
#           B H   # 
#           B B   # 
#                 # 
# # # # # # # # # # 
[ last/next direc: Direc.UP/Direc.UP ]

[ Episode 1 / Step 35 ]
# # # # # # # # # # 
#                 # 
#                 # 
#                 # 
#                 # 
#       F   T H   # 
#           B B   # 
#           B B   # 
#                 # 
# # # # # # # # # # 
[ last/next direc: Direc.UP/Direc.UP ]

[ Episode 1 / Step 36 ]
# # # # # # # # # # 
#                 # 
#                 # 
#                 # 
#             H   # 
#       F     B   # 
#           T B   # 
#           B B   # 
#                 # 
# # # # # # # # # # 
[ last/next direc: Direc.UP/Direc.UP ]

[ Episode 1 / Step 37 ]
# # # # # # # # # # 
#                 # 
#                 # 
#             H   # 
#             B   # 
#       F     B   # 
#             B   # 
#           T B   # 
#                 # 
# # # # # # # # # # 
[ last/next direc: Direc.UP/Direc.LEFT ]

[ Episode 1 / Step 38 ]
# # # # # # # # # # 
#                 # 
#                 # 
#           H B   # 
#             B   # 
#       F     B   # 
#             B   # 
#             T   # 
#                 # 
# # # # # # # # # # 
[ last/next direc: Direc.LEFT/Direc.DOWN ]

[ Episode 1 / Step 39 ]
# # # # # # # # # # 
#                 # 
#                 # 
#           B B   # 
#           H B   # 
#       F     B   # 
#             T   # 
#                 # 
#                 # 
# # # # # # # # # # 
[ last/next direc: Direc.DOWN/Direc.DOWN ]

[ Episode 1 / Step 40 ]
# # # # # # # # # # 
#                 # 
#                 # 
#           B B   # 
#           B B   # 
#       F   H T   # 
#                 # 
#                 # 
#                 # 
# # # # # # # # # # 
[ last/next direc: Direc.DOWN/Direc.DOWN ]

[ Episode 1 / Step 41 ]
# # # # # # # # # # 
#                 # 
#                 # 
#           B B   # 
#           B T   # 
#       F   B     # 
#           H     # 
#                 # 
#                 # 
# # # # # # # # # # 
[ last/next direc: Direc.DOWN/Direc.LEFT ]

[ Episode 1 / Step 42 ]
# # # # # # # # # # 
#                 # 
#                 # 
#           B T   # 
#           B     # 
#       F   B     # 
#         H B     # 
#                 # 
#                 # 
# # # # # # # # # # 
[ last/next direc: Direc.LEFT/Direc.LEFT ]

[ Episode 1 / Step 43 ]
# # # # # # # # # # 
#                 # 
#                 # 
#           T     # 
#           B     # 
#       F   B     # 
#       H B B     # 
#                 # 
#                 # 
# # # # # # # # # # 
[ last/next direc: Direc.LEFT/Direc.UP ]

[ Episode 1 / Step 44 ]
# # # # # # # # # # 
#                 # 
#             F   # 
#           T     # 
#           B     # 
#       H   B     # 
#       B B B     # 
#                 # 
#                 # 
# # # # # # # # # # 
[ last/next direc: Direc.UP/Direc.UP ]

[ Episode 1 / Step 45 ]
# # # # # # # # # # 
#                 # 
#             F   # 
#                 # 
#       H   T     # 
#       B   B     # 
#       B B B     # 
#                 # 
#                 # 
# # # # # # # # # # 
[ last/next direc: Direc.UP/Direc.LEFT ]

[ Episode 1 / Step 46 ]
# # # # # # # # # # 
#                 # 
#             F   # 
#                 # 
#     H B         # 
#       B   T     # 
#       B B B     # 
#                 # 
#                 # 
# # # # # # # # # # 
[ last/next direc: Direc.LEFT/Direc.LEFT ]

[ Episode 1 / Step 47 ]
# # # # # # # # # # 
#                 # 
#             F   # 
#                 # 
#   H B B         # 
#       B         # 
#       B B T     # 
#                 # 
#                 # 
# # # # # # # # # # 
[ last/next direc: Direc.LEFT/Direc.DOWN ]

[ Episode 1 / Step 48 ]
# # # # # # # # # # 
#                 # 
#             F   # 
#                 # 
#   B B B         # 
#   H   B         # 
#       B T       # 
#                 # 
#                 # 
# # # # # # # # # # 
[ last/next direc: Direc.DOWN/Direc.DOWN ]

[ Episode 1 / Step 49 ]
# # # # # # # # # # 
#                 # 
#             F   # 
#                 # 
#   B B B         # 
#   B   B         # 
#   H   T         # 
#                 # 
#                 # 
# # # # # # # # # # 
[ last/next direc: Direc.DOWN/Direc.DOWN ]

[ Episode 1 / Step 50 ]
# # # # # # # # # # 
#                 # 
#             F   # 
#                 # 
#   B B B         # 
#   B   T         # 
#   B             # 
#   H             # 
#                 # 
# # # # # # # # # # 
[ last/next direc: Direc.DOWN/Direc.RIGHT ]

[ Episode 1 / Step 51 ]
# # # # # # # # # # 
#                 # 
#             F   # 
#                 # 
#   B B T         # 
#   B             # 
#   B             # 
#   B H           # 
#                 # 
# # # # # # # # # # 
[ last/next direc: Direc.RIGHT/Direc.RIGHT ]

[ Episode 1 / Step 52 ]
# # # # # # # # # # 
#                 # 
#             F   # 
#                 # 
#   B T           # 
#   B             # 
#   B             # 
#   B B H         # 
#                 # 
# # # # # # # # # # 
[ last/next direc: Direc.RIGHT/Direc.RIGHT ]

[ Episode 1 / Step 53 ]
# # # # # # # # # # 
#                 # 
#             F   # 
#                 # 
#   T             # 
#   B             # 
#   B             # 
#   B B B H       # 
#                 # 
# # # # # # # # # # 
[ last/next direc: Direc.RIGHT/Direc.RIGHT ]

[ Episode 1 / Step 54 ]
# # # # # # # # # # 
#                 # 
#             F   # 
#                 # 
#                 # 
#   T             # 
#   B             # 
#   B B B B H     # 
#                 # 
# # # # # # # # # # 
[ last/next direc: Direc.RIGHT/Direc.RIGHT ]

[ Episode 1 / Step 55 ]
# # # # # # # # # # 
#                 # 
#             F   # 
#                 # 
#                 # 
#                 # 
#   T             # 
#   B B B B B H   # 
#                 # 
# # # # # # # # # # 
[ last/next direc: Direc.RIGHT/Direc.UP ]

[ Episode 1 / Step 56 ]
# # # # # # # # # # 
#                 # 
#             F   # 
#                 # 
#                 # 
#                 # 
#             H   # 
#   T B B B B B   # 
#                 # 
# # # # # # # # # # 
[ last/next direc: Direc.UP/Direc.UP ]

[ Episode 1 / Step 57 ]
# # # # # # # # # # 
#                 # 
#             F   # 
#                 # 
#                 # 
#             H   # 
#             B   # 
#     T B B B B   # 
#                 # 
# # # # # # # # # # 
[ last/next direc: Direc.UP/Direc.UP ]

[ Episode 1 / Step 58 ]
# # # # # # # # # # 
#                 # 
#             F   # 
#                 # 
#             H   # 
#             B   # 
#             B   # 
#       T B B B   # 
#                 # 
# # # # # # # # # # 
[ last/next direc: Direc.UP/Direc.UP ]

[ Episode 1 / Step 59 ]
# # # # # # # # # # 
#                 # 
#             F   # 
#             H   # 
#             B   # 
#             B   # 
#             B   # 
#         T B B   # 
#                 # 
# # # # # # # # # # 
[ last/next direc: Direc.UP/Direc.UP ]

[ Episode 1 / Step 60 ]
# # # # # # # # # # 
#                 # 
#             H   # 
#             B   # 
#             B   # 
#             B   # 
#             B   # 
#         T B B   # 
#       F         # 
# # # # # # # # # # 
[ last/next direc: Direc.UP/Direc.LEFT ]

[ Episode 1 / Step 61 ]
# # # # # # # # # # 
#                 # 
#           H B   # 
#             B   # 
#             B   # 
#             B   # 
#             B   # 
#           T B   # 
#       F         # 
# # # # # # # # # # 
[ last/next direc: Direc.LEFT/Direc.LEFT ]

[ Episode 1 / Step 62 ]
# # # # # # # # # # 
#                 # 
#         H B B   # 
#             B   # 
#             B   # 
#             B   # 
#             B   # 
#             T   # 
#       F         # 
# # # # # # # # # # 
[ last/next direc: Direc.LEFT/Direc.LEFT ]

[ Episode 1 / Step 63 ]
# # # # # # # # # # 
#                 # 
#       H B B B   # 
#             B   # 
#             B   # 
#             B   # 
#             T   # 
#                 # 
#       F         # 
# # # # # # # # # # 
[ last/next direc: Direc.LEFT/Direc.LEFT ]

[ Episode 1 / Step 64 ]
# # # # # # # # # # 
#                 # 
#     H B B B B   # 
#             B   # 
#             B   # 
#             T   # 
#                 # 
#                 # 
#       F         # 
# # # # # # # # # # 
[ last/next direc: Direc.LEFT/Direc.LEFT ]

[ Episode 1 / Step 65 ]
# # # # # # # # # # 
#                 # 
#   H B B B B B   # 
#             B   # 
#             T   # 
#                 # 
#                 # 
#                 # 
#       F         # 
# # # # # # # # # # 
[ last/next direc: Direc.LEFT/Direc.LEFT ]

[ Episode 1 / Step 66 ]
# # # # # # # # # # 
#                 # 
# H B B B B B B   # 
#             T   # 
#                 # 
#                 # 
#                 # 
#                 # 
#       F         # 
# # # # # # # # # # 
[ last/next direc: Direc.LEFT/Direc.UP ]

[ Episode 1 / Step 67 ]
# # # # # # # # # # 
# H               # 
# B B B B B B T   # 
#                 # 
#                 # 
#                 # 
#                 # 
#                 # 
#       F         # 
# # # # # # # # # # 
[ last/next direc: Direc.UP/Direc.RIGHT ]

[ Episode 1 / Step 68 ]
# # # # # # # # # # 
# B H             # 
# B B B B B T     # 
#                 # 
#                 # 
#                 # 
#                 # 
#                 # 
#       F         # 
# # # # # # # # # # 
[ last/next direc: Direc.RIGHT/Direc.RIGHT ]

[ Episode 1 / Step 69 ]
# # # # # # # # # # 
# B B H           # 
# B B B B T       # 
#                 # 
#                 # 
#                 # 
#                 # 
#                 # 
#       F         # 
# # # # # # # # # # 
[ last/next direc: Direc.RIGHT/Direc.RIGHT ]

[ Episode 1 / Step 70 ]
# # # # # # # # # # 
# B B B H         # 
# B B B T         # 
#                 # 
#                 # 
#                 # 
#                 # 
#                 # 
#       F         # 
# # # # # # # # # # 
[ last/next direc: Direc.RIGHT/Direc.RIGHT ]

[ Episode 1 / Step 71 ]
# # # # # # # # # # 
# B B B B H       # 
# B B T           # 
#                 # 
#                 # 
#                 # 
#                 # 
#                 # 
#       F         # 
# # # # # # # # # # 
[ last/next direc: Direc.RIGHT/Direc.RIGHT ]

[ Episode 1 / Step 72 ]
# # # # # # # # # # 
# B B B B B H     # 
# B T             # 
#                 # 
#                 # 
#                 # 
#                 # 
#                 # 
#       F         # 
# # # # # # # # # # 
[ last/next direc: Direc.RIGHT/Direc.RIGHT ]

[ Episode 1 / Step 73 ]
# # # # # # # # # # 
# B B B B B B H   # 
# T               # 
#                 # 
#                 # 
#                 # 
#                 # 
#                 # 
#       F         # 
# # # # # # # # # # 
[ last/next direc: Direc.RIGHT/Direc.RIGHT ]

[ Episode 1 / Step 74 ]
# # # # # # # # # # 
# T B B B B B B H # 
#                 # 
#                 # 
#                 # 
#                 # 
#                 # 
#                 # 
#       F         # 
# # # # # # # # # # 
[ last/next direc: Direc.RIGHT/Direc.DOWN ]

[ Episode 1 / Step 75 ]
# # # # # # # # # # 
#   T B B B B B B # 
#               H # 
#                 # 
#                 # 
#                 # 
#                 # 
#                 # 
#       F         # 
# # # # # # # # # # 
[ last/next direc: Direc.DOWN/Direc.DOWN ]

[ Episode 1 / Step 76 ]
# # # # # # # # # # 
#     T B B B B B # 
#               B # 
#               H # 
#                 # 
#                 # 
#                 # 
#                 # 
#       F         # 
# # # # # # # # # # 
[ last/next direc: Direc.DOWN/Direc.DOWN ]

[ Episode 1 / Step 77 ]
# # # # # # # # # # 
#       T B B B B # 
#               B # 
#               B # 
#               H # 
#                 # 
#                 # 
#                 # 
#       F         # 
# # # # # # # # # # 
[ last/next direc: Direc.DOWN/Direc.DOWN ]

[ Episode 1 / Step 78 ]
# # # # # # # # # # 
#         T B B B # 
#               B # 
#               B # 
#               B # 
#               H # 
#                 # 
#                 # 
#       F         # 
# # # # # # # # # # 
[ last/next direc: Direc.DOWN/Direc.DOWN ]

[ Episode 1 / Step 79 ]
# # # # # # # # # # 
#           T B B # 
#               B # 
#               B # 
#               B # 
#               B # 
#               H # 
#                 # 
#       F         # 
# # # # # # # # # # 
[ last/next direc: Direc.DOWN/Direc.DOWN ]

[ Episode 1 / Step 80 ]
# # # # # # # # # # 
#             T B # 
#               B # 
#               B # 
#               B # 
#               B # 
#               B # 
#               H # 
#       F         # 
# # # # # # # # # # 
[ last/next direc: Direc.DOWN/Direc.DOWN ]

[ Episode 1 / Step 81 ]
# # # # # # # # # # 
#               T # 
#               B # 
#               B # 
#               B # 
#               B # 
#               B # 
#               B # 
#       F       H # 
# # # # # # # # # # 
[ last/next direc: Direc.DOWN/Direc.LEFT ]

[ Episode 1 / Step 82 ]
# # # # # # # # # # 
#                 # 
#               T # 
#               B # 
#               B # 
#               B # 
#               B # 
#               B # 
#       F     H B # 
# # # # # # # # # # 
[ last/next direc: Direc.LEFT/Direc.LEFT ]

[ Episode 1 / Step 83 ]
# # # # # # # # # # 
#                 # 
#                 # 
#               T # 
#               B # 
#               B # 
#               B # 
#               B # 
#       F   H B B # 
# # # # # # # # # # 
[ last/next direc: Direc.LEFT/Direc.LEFT ]

[ Episode 1 / Step 84 ]
# # # # # # # # # # 
#                 # 
#                 # 
#                 # 
#               T # 
#               B # 
#               B # 
#               B # 
#       F H B B B # 
# # # # # # # # # # 
[ last/next direc: Direc.LEFT/Direc.LEFT ]

[ Episode 1 / Step 85 ]
# # # # # # # # # # 
#                 # 
#                 # 
#   F             # 
#               T # 
#               B # 
#               B # 
#               B # 
#       H B B B B # 
# # # # # # # # # # 
[ last/next direc: Direc.LEFT/Direc.LEFT ]

[ Episode 1 / Step 86 ]
# # # # # # # # # # 
#                 # 
#                 # 
#   F             # 
#                 # 
#               T # 
#               B # 
#               B # 
#     H B B B B B # 
# # # # # # # # # # 
[ last/next direc: Direc.LEFT/Direc.LEFT ]

[ Episode 1 / Step 87 ]
# # # # # # # # # # 
#                 # 
#                 # 
#   F             # 
#                 # 
#                 # 
#               T # 
#               B # 
#   H B B B B B B # 
# # # # # # # # # # 
[ last/next direc: Direc.LEFT/Direc.LEFT ]

[ Episode 1 / Step 88 ]
# # # # # # # # # # 
#                 # 
#                 # 
#   F             # 
#                 # 
#                 # 
#                 # 
#               T # 
# H B B B B B B B # 
# # # # # # # # # # 
[ last/next direc: Direc.LEFT/Direc.UP ]

[ Episode 1 / Step 89 ]
# # # # # # # # # # 
#                 # 
#                 # 
#   F             # 
#                 # 
#                 # 
#                 # 
# H               # 
# B B B B B B B T # 
# # # # # # # # # # 
[ last/next direc: Direc.UP/Direc.UP ]

[ Episode 1 / Step 90 ]
# # # # # # # # # # 
#                 # 
#                 # 
#   F             # 
#                 # 
#                 # 
# H               # 
# B               # 
# B B B B B B T   # 
# # # # # # # # # # 
[ last/next direc: Direc.UP/Direc.UP ]

[ Episode 1 / Step 91 ]
# # # # # # # # # # 
#                 # 
#                 # 
#   F             # 
#                 # 
# H               # 
# B               # 
# B               # 
# B B B B B T     # 
# # # # # # # # # # 
[ last/next direc: Direc.UP/Direc.UP ]

[ Episode 1 / Step 92 ]
# # # # # # # # # # 
#                 # 
#                 # 
#   F             # 
# H               # 
# B               # 
# B               # 
# B               # 
# B B B B T       # 
# # # # # # # # # # 
[ last/next direc: Direc.UP/Direc.UP ]

[ Episode 1 / Step 93 ]
# # # # # # # # # # 
#                 # 
#                 # 
# H F             # 
# B               # 
# B               # 
# B               # 
# B               # 
# B B B T         # 
# # # # # # # # # # 
[ last/next direc: Direc.UP/Direc.RIGHT ]

[ Episode 1 / Step 94 ]
# # # # # # # # # # 
#                 # 
#                 # 
# B H             # 
# B               # 
# B         F     # 
# B               # 
# B               # 
# B B B T         # 
# # # # # # # # # # 
[ last/next direc: Direc.RIGHT/Direc.RIGHT ]

[ Episode 1 / Step 95 ]
# # # # # # # # # # 
#                 # 
#                 # 
# B B H           # 
# B               # 
# B         F     # 
# B               # 
# B               # 
# B B T           # 
# # # # # # # # # # 
[ last/next direc: Direc.RIGHT/Direc.RIGHT ]

[ Episode 1 / Step 96 ]
# # # # # # # # # # 
#                 # 
#                 # 
# B B B H         # 
# B               # 
# B         F     # 
# B               # 
# B               # 
# B T             # 
# # # # # # # # # # 
[ last/next direc: Direc.RIGHT/Direc.RIGHT ]

[ Episode 1 / Step 97 ]
# # # # # # # # # # 
#                 # 
#                 # 
# B B B B H       # 
# B               # 
# B         F     # 
# B               # 
# B               # 
# T               # 
# # # # # # # # # # 
[ last/next direc: Direc.RIGHT/Direc.RIGHT ]

[ Episode 1 / Step 98 ]
# # # # # # # # # # 
#                 # 
#                 # 
# B B B B B H     # 
# B               # 
# B         F     # 
# B               # 
# T               # 
#                 # 
# # # # # # # # # # 
[ last/next direc: Direc.RIGHT/Direc.DOWN ]

[ Episode 1 / Step 99 ]
# # # # # # # # # # 
#                 # 
#                 # 
# B B B B B B     # 
# B         H     # 
# B         F     # 
# T               # 
#                 # 
#                 # 
# # # # # # # # # # 
[ last/next direc: Direc.DOWN/Direc.DOWN ]

[ Episode 1 / Step 100 ]
# # # # # # # # # # 
#                 # 
#                 # 
# B B B B B B     # 
# B     F   B     # 
# B         H     # 
# T               # 
#                 # 
#                 # 
# # # # # # # # # # 
[ last/next direc: Direc.DOWN/Direc.LEFT ]

[ Episode 1 / Step 101 ]
# # # # # # # # # # 
#                 # 
#                 # 
# B B B B B B     # 
# B     F   B     # 
# T       H B     # 
#                 # 
#                 # 
#                 # 
# # # # # # # # # # 
[ last/next direc: Direc.LEFT/Direc.UP ]

[ Episode 1 / Step 102 ]
# # # # # # # # # # 
#                 # 
#                 # 
# B B B B B B     # 
# T     F H B     # 
#         B B     # 
#                 # 
#                 # 
#                 # 
# # # # # # # # # # 
[ last/next direc: Direc.UP/Direc.LEFT ]

[ Episode 1 / Step 103 ]
# # # # # # # # # # 
#                 # 
#                 # 
# B B B B B B     # 
# T     H B B     # 
#         B B     # 
#             F   # 
#                 # 
#                 # 
# # # # # # # # # # 
[ last/next direc: Direc.LEFT/Direc.LEFT ]

[ Episode 1 / Step 104 ]
# # # # # # # # # # 
#                 # 
#                 # 
# T B B B B B     # 
#     H B B B     # 
#         B B     # 
#             F   # 
#                 # 
#                 # 
# # # # # # # # # # 
[ last/next direc: Direc.LEFT/Direc.LEFT ]

[ Episode 1 / Step 105 ]
# # # # # # # # # # 
#                 # 
#                 # 
#   T B B B B     # 
#   H B B B B     # 
#         B B     # 
#             F   # 
#                 # 
#                 # 
# # # # # # # # # # 
[ last/next direc: Direc.LEFT/Direc.DOWN ]

[ Episode 1 / Step 106 ]
# # # # # # # # # # 
#                 # 
#                 # 
#     T B B B     # 
#   B B B B B     # 
#   H     B B     # 
#             F   # 
#                 # 
#                 # 
# # # # # # # # # # 
[ last/next direc: Direc.DOWN/Direc.DOWN ]

[ Episode 1 / Step 107 ]
# # # # # # # # # # 
#                 # 
#                 # 
#       T B B     # 
#   B B B B B     # 
#   B     B B     # 
#   H         F   # 
#                 # 
#                 # 
# # # # # # # # # # 
[ last/next direc: Direc.DOWN/Direc.DOWN ]

[ Episode 1 / Step 108 ]
# # # # # # # # # # 
#                 # 
#                 # 
#         T B     # 
#   B B B B B     # 
#   B     B B     # 
#   B         F   # 
#   H             # 
#                 # 
# # # # # # # # # # 
[ last/next direc: Direc.DOWN/Direc.RIGHT ]

[ Episode 1 / Step 109 ]
# # # # # # # # # # 
#                 # 
#                 # 
#           T     # 
#   B B B B B     # 
#   B     B B     # 
#   B         F   # 
#   B H           # 
#                 # 
# # # # # # # # # # 
[ last/next direc: Direc.RIGHT/Direc.RIGHT ]

[ Episode 1 / Step 110 ]
# # # # # # # # # # 
#                 # 
#                 # 
#                 # 
#   B B B B T     # 
#   B     B B     # 
#   B         F   # 
#   B B H         # 
#                 # 
# # # # # # # # # # 
[ last/next direc: Direc.RIGHT/Direc.RIGHT ]

[ Episode 1 / Step 111 ]
# # # # # # # # # # 
#                 # 
#                 # 
#                 # 
#   B B B B       # 
#   B     B T     # 
#   B         F   # 
#   B B B H       # 
#                 # 
# # # # # # # # # # 
[ last/next direc: Direc.RIGHT/Direc.RIGHT ]

[ Episode 1 / Step 112 ]
# # # # # # # # # # 
#                 # 
#                 # 
#                 # 
#   B B B B       # 
#   B     T       # 
#   B         F   # 
#   B B B B H     # 
#                 # 
# # # # # # # # # # 
[ last/next direc: Direc.RIGHT/Direc.RIGHT ]

[ Episode 1 / Step 113 ]
# # # # # # # # # # 
#                 # 
#                 # 
#                 # 
#   B B B T       # 
#   B             # 
#   B         F   # 
#   B B B B B H   # 
#                 # 
# # # # # # # # # # 
[ last/next direc: Direc.RIGHT/Direc.UP ]

[ Episode 1 / Step 114 ]
# # # # # # # # # # 
#                 # 
#                 # 
#                 # 
#   B B B T       # 
#   B F           # 
#   B         H   # 
#   B B B B B B   # 
#                 # 
# # # # # # # # # # 
[ last/next direc: Direc.UP/Direc.UP ]

[ Episode 1 / Step 115 ]
# # # # # # # # # # 
#                 # 
#                 # 
#                 # 
#   B B T         # 
#   B F       H   # 
#   B         B   # 
#   B B B B B B   # 
#                 # 
# # # # # # # # # # 
[ last/next direc: Direc.UP/Direc.LEFT ]

[ Episode 1 / Step 116 ]
# # # # # # # # # # 
#                 # 
#                 # 
#                 # 
#   B T           # 
#   B F     H B   # 
#   B         B   # 
#   B B B B B B   # 
#                 # 
# # # # # # # # # # 
[ last/next direc: Direc.LEFT/Direc.DOWN ]

[ Episode 1 / Step 117 ]
# # # # # # # # # # 
#                 # 
#                 # 
#                 # 
#   T             # 
#   B F     B B   # 
#   B       H B   # 
#   B B B B B B   # 
#                 # 
# # # # # # # # # # 
[ last/next direc: Direc.DOWN/Direc.LEFT ]

[ Episode 1 / Step 118 ]
# # # # # # # # # # 
#                 # 
#                 # 
#                 # 
#                 # 
#   T F     B B   # 
#   B     H B B   # 
#   B B B B B B   # 
#                 # 
# # # # # # # # # # 
[ last/next direc: Direc.LEFT/Direc.LEFT ]

[ Episode 1 / Step 119 ]
# # # # # # # # # # 
#                 # 
#                 # 
#                 # 
#                 # 
#     F     B B   # 
#   T   H B B B   # 
#   B B B B B B   # 
#                 # 
# # # # # # # # # # 
[ last/next direc: Direc.LEFT/Direc.LEFT ]

[ Episode 1 / Step 120 ]
# # # # # # # # # # 
#                 # 
#                 # 
#                 # 
#                 # 
#     F     B B   # 
#     H B B B B   # 
#   T B B B B B   # 
#                 # 
# # # # # # # # # # 
[ last/next direc: Direc.LEFT/Direc.UP ]

[ Episode 1 / Step 121 ]
# # # # # # # # # # 
#                 # 
#                 # 
#                 # 
#                 # 
#   F H     B B   # 
#     B B B B B   # 
#   T B B B B B   # 
#                 # 
# # # # # # # # # # 
[ last/next direc: Direc.UP/Direc.LEFT ]

[ Episode 1 / Step 122 ]
# # # # # # # # # # 
#                 # 
#                 # 
#             F   # 
#                 # 
#   H B     B B   # 
#     B B B B B   # 
#   T B B B B B   # 
#                 # 
# # # # # # # # # # 
[ last/next direc: Direc.LEFT/Direc.DOWN ]

[ Episode 1 / Step 123 ]
# # # # # # # # # # 
#                 # 
#                 # 
#             F   # 
#                 # 
#   B B     B B   # 
#   H B B B B B   # 
#     T B B B B   # 
#                 # 
# # # # # # # # # # 
[ last/next direc: Direc.DOWN/Direc.DOWN ]

[ Episode 1 / Step 124 ]
# # # # # # # # # # 
#                 # 
#                 # 
#             F   # 
#                 # 
#   B B     B B   # 
#   B B B B B B   # 
#   H   T B B B   # 
#                 # 
# # # # # # # # # # 
[ last/next direc: Direc.DOWN/Direc.RIGHT ]

[ Episode 1 / Step 125 ]
# # # # # # # # # # 
#                 # 
#                 # 
#             F   # 
#                 # 
#   B B     B B   # 
#   B B B B B B   # 
#   B H   T B B   # 
#                 # 
# # # # # # # # # # 
[ last/next direc: Direc.RIGHT/Direc.RIGHT ]

[ Episode 1 / Step 126 ]
# # # # # # # # # # 
#                 # 
#                 # 
#             F   # 
#                 # 
#   B B     B B   # 
#   B B B B B B   # 
#   B B H   T B   # 
#                 # 
# # # # # # # # # # 
[ last/next direc: Direc.RIGHT/Direc.RIGHT ]

[ Episode 1 / Step 127 ]
# # # # # # # # # # 
#                 # 
#                 # 
#             F   # 
#                 # 
#   B B     B B   # 
#   B B B B B B   # 
#   B B B H   T   # 
#                 # 
# # # # # # # # # # 
[ last/next direc: Direc.RIGHT/Direc.RIGHT ]

[ Episode 1 / Step 128 ]
# # # # # # # # # # 
#                 # 
#                 # 
#             F   # 
#                 # 
#   B B     B B   # 
#   B B B B B T   # 
#   B B B B H     # 
#                 # 
# # # # # # # # # # 
[ last/next direc: Direc.RIGHT/Direc.RIGHT ]

[ Episode 1 / Step 129 ]
# # # # # # # # # # 
#                 # 
#                 # 
#             F   # 
#                 # 
#   B B     B T   # 
#   B B B B B     # 
#   B B B B B H   # 
#                 # 
# # # # # # # # # # 
[ last/next direc: Direc.RIGHT/Direc.UP ]

[ Episode 1 / Step 130 ]
# # # # # # # # # # 
#                 # 
#                 # 
#             F   # 
#                 # 
#   B B     T     # 
#   B B B B B H   # 
#   B B B B B B   # 
#                 # 
# # # # # # # # # # 
[ last/next direc: Direc.UP/Direc.UP ]

[ Episode 1 / Step 131 ]
# # # # # # # # # # 
#                 # 
#                 # 
#             F   # 
#                 # 
#   B B       H   # 
#   B B B B T B   # 
#   B B B B B B   # 
#                 # 
# # # # # # # # # # 
[ last/next direc: Direc.UP/Direc.UP ]

[ Episode 1 / Step 132 ]
# # # # # # # # # # 
#                 # 
#                 # 
#             F   # 
#             H   # 
#   B B       B   # 
#   B B B T   B   # 
#   B B B B B B   # 
#                 # 
# # # # # # # # # # 
[ last/next direc: Direc.UP/Direc.UP ]

[ Episode 1 / Step 133 ]
# # # # # # # # # # 
#                 # 
#                 # 
#             H   # 
#             B   # 
#   B B       B   # 
#   B B B T   B F # 
#   B B B B B B   # 
#                 # 
# # # # # # # # # # 
[ last/next direc: Direc.UP/Direc.RIGHT ]

[ Episode 1 / Step 134 ]
# # # # # # # # # # 
#                 # 
#                 # 
#             B H # 
#             B   # 
#   B B       B   # 
#   B B T     B F # 
#   B B B B B B   # 
#                 # 
# # # # # # # # # # 
[ last/next direc: Direc.RIGHT/Direc.DOWN ]

[ Episode 1 / Step 135 ]
# # # # # # # # # # 
#                 # 
#                 # 
#             B B # 
#             B H # 
#   B B       B   # 
#   B T       B F # 
#   B B B B B B   # 
#                 # 
# # # # # # # # # # 
[ last/next direc: Direc.DOWN/Direc.DOWN ]

[ Episode 1 / Step 136 ]
# # # # # # # # # # 
#                 # 
#                 # 
#             B B # 
#             B B # 
#   B T       B H # 
#   B         B F # 
#   B B B B B B   # 
#                 # 
# # # # # # # # # # 
[ last/next direc: Direc.DOWN/Direc.DOWN ]

[ Episode 1 / Step 137 ]
# # # # # # # # # # 
#                 # 
#                 # 
#           F B B # 
#             B B # 
#   B T       B B # 
#   B         B H # 
#   B B B B B B   # 
#                 # 
# # # # # # # # # # 
[ last/next direc: Direc.DOWN/Direc.DOWN ]

[ Episode 1 / Step 138 ]
# # # # # # # # # # 
#                 # 
#                 # 
#           F B B # 
#             B B # 
#   T         B B # 
#   B         B B # 
#   B B B B B B H # 
#                 # 
# # # # # # # # # # 
[ last/next direc: Direc.DOWN/Direc.DOWN ]

[ Episode 1 / Step 139 ]
# # # # # # # # # # 
#                 # 
#                 # 
#           F B B # 
#             B B # 
#             B B # 
#   T         B B # 
#   B B B B B B B # 
#               H # 
# # # # # # # # # # 
[ last/next direc: Direc.DOWN/Direc.LEFT ]

[ Episode 1 / Step 140 ]
# # # # # # # # # # 
#                 # 
#                 # 
#           F B B # 
#             B B # 
#             B B # 
#             B B # 
#   T B B B B B B # 
#             H B # 
# # # # # # # # # # 
[ last/next direc: Direc.LEFT/Direc.LEFT ]

[ Episode 1 / Step 141 ]
# # # # # # # # # # 
#                 # 
#                 # 
#           F B B # 
#             B B # 
#             B B # 
#             B B # 
#     T B B B B B # 
#           H B B # 
# # # # # # # # # # 
[ last/next direc: Direc.LEFT/Direc.LEFT ]

[ Episode 1 / Step 142 ]
# # # # # # # # # # 
#                 # 
#                 # 
#           F B B # 
#             B B # 
#             B B # 
#             B B # 
#       T B B B B # 
#         H B B B # 
# # # # # # # # # # 
[ last/next direc: Direc.LEFT/Direc.LEFT ]

[ Episode 1 / Step 143 ]
# # # # # # # # # # 
#                 # 
#                 # 
#           F B B # 
#             B B # 
#             B B # 
#             B B # 
#         T B B B # 
#       H B B B B # 
# # # # # # # # # # 
[ last/next direc: Direc.LEFT/Direc.LEFT ]

[ Episode 1 / Step 144 ]
# # # # # # # # # # 
#                 # 
#                 # 
#           F B B # 
#             B B # 
#             B B # 
#             B B # 
#           T B B # 
#     H B B B B B # 
# # # # # # # # # # 
[ last/next direc: Direc.LEFT/Direc.LEFT ]

[ Episode 1 / Step 145 ]
# # # # # # # # # # 
#                 # 
#                 # 
#           F B B # 
#             B B # 
#             B B # 
#             B B # 
#             T B # 
#   H B B B B B B # 
# # # # # # # # # # 
[ last/next direc: Direc.LEFT/Direc.LEFT ]

[ Episode 1 / Step 146 ]
# # # # # # # # # # 
#                 # 
#                 # 
#           F B B # 
#             B B # 
#             B B # 
#             T B # 
#               B # 
# H B B B B B B B # 
# # # # # # # # # # 
[ last/next direc: Direc.LEFT/Direc.UP ]

[ Episode 1 / Step 147 ]
# # # # # # # # # # 
#                 # 
#                 # 
#           F B B # 
#             B B # 
#             T B # 
#               B # 
# H             B # 
# B B B B B B B B # 
# # # # # # # # # # 
[ last/next direc: Direc.UP/Direc.UP ]

[ Episode 1 / Step 148 ]
# # # # # # # # # # 
#                 # 
#                 # 
#           F B B # 
#             T B # 
#               B # 
# H             B # 
# B             B # 
# B B B B B B B B # 
# # # # # # # # # # 
[ last/next direc: Direc.UP/Direc.UP ]

[ Episode 1 / Step 149 ]
# # # # # # # # # # 
#                 # 
#                 # 
#           F T B # 
#               B # 
# H             B # 
# B             B # 
# B             B # 
# B B B B B B B B # 
# # # # # # # # # # 
[ last/next direc: Direc.UP/Direc.UP ]

[ Episode 1 / Step 150 ]
# # # # # # # # # # 
#                 # 
#                 # 
#           F   T # 
# H             B # 
# B             B # 
# B             B # 
# B             B # 
# B B B B B B B B # 
# # # # # # # # # # 
[ last/next direc: Direc.UP/Direc.UP ]

[ Episode 1 / Step 151 ]
# # # # # # # # # # 
#                 # 
#                 # 
# H         F     # 
# B             T # 
# B             B # 
# B             B # 
# B             B # 
# B B B B B B B B # 
# # # # # # # # # # 
[ last/next direc: Direc.UP/Direc.RIGHT ]

[ Episode 1 / Step 152 ]
# # # # # # # # # # 
#                 # 
#                 # 
# B H       F     # 
# B               # 
# B             T # 
# B             B # 
# B             B # 
# B B B B B B B B # 
# # # # # # # # # # 
[ last/next direc: Direc.RIGHT/Direc.RIGHT ]

[ Episode 1 / Step 153 ]
# # # # # # # # # # 
#                 # 
#                 # 
# B B H     F     # 
# B               # 
# B               # 
# B             T # 
# B             B # 
# B B B B B B B B # 
# # # # # # # # # # 
[ last/next direc: Direc.RIGHT/Direc.RIGHT ]

[ Episode 1 / Step 154 ]
# # # # # # # # # # 
#                 # 
#                 # 
# B B B H   F     # 
# B               # 
# B               # 
# B               # 
# B             T # 
# B B B B B B B B # 
# # # # # # # # # # 
[ last/next direc: Direc.RIGHT/Direc.RIGHT ]

[ Episode 1 / Step 155 ]
# # # # # # # # # # 
#                 # 
#                 # 
# B B B B H F     # 
# B               # 
# B               # 
# B               # 
# B               # 
# B B B B B B B T # 
# # # # # # # # # # 
[ last/next direc: Direc.RIGHT/Direc.RIGHT ]

[ Episode 1 / Step 156 ]
# # # # # # # # # # 
#                 # 
#                 # 
# B B B B B H     # 
# B               # 
# B               # 
# B     F         # 
# B               # 
# B B B B B B B T # 
# # # # # # # # # # 
[ last/next direc: Direc.RIGHT/Direc.DOWN ]

[ Episode 1 / Step 157 ]
# # # # # # # # # # 
#                 # 
#                 # 
# B B B B B B     # 
# B         H     # 
# B               # 
# B     F         # 
# B               # 
# B B B B B B T   # 
# # # # # # # # # # 
[ last/next direc: Direc.DOWN/Direc.DOWN ]

[ Episode 1 / Step 158 ]
# # # # # # # # # # 
#                 # 
#                 # 
# B B B B B B     # 
# B         B     # 
# B         H     # 
# B     F         # 
# B               # 
# B B B B B T     # 
# # # # # # # # # # 
[ last/next direc: Direc.DOWN/Direc.DOWN ]

[ Episode 1 / Step 159 ]
# # # # # # # # # # 
#                 # 
#                 # 
# B B B B B B     # 
# B         B     # 
# B         B     # 
# B     F   H     # 
# B               # 
# B B B B T       # 
# # # # # # # # # # 
[ last/next direc: Direc.DOWN/Direc.LEFT ]

[ Episode 1 / Step 160 ]
# # # # # # # # # # 
#                 # 
#                 # 
# B B B B B B     # 
# B         B     # 
# B         B     # 
# B     F H B     # 
# B               # 
# B B B T         # 
# # # # # # # # # # 
[ last/next direc: Direc.LEFT/Direc.LEFT ]

[ Episode 1 / Step 161 ]
# # # # # # # # # # 
#                 # 
#                 # 
# B B B B B B     # 
# B         B     # 
# B         B F   # 
# B     H B B     # 
# B               # 
# B B B T         # 
# # # # # # # # # # 
[ last/next direc: Direc.LEFT/Direc.DOWN ]

[ Episode 1 / Step 162 ]
# # # # # # # # # # 
#                 # 
#                 # 
# B B B B B B     # 
# B         B     # 
# B         B F   # 
# B     B B B     # 
# B     H         # 
# B B T           # 
# # # # # # # # # # 
[ last/next direc: Direc.DOWN/Direc.RIGHT ]

[ Episode 1 / Step 163 ]
# # # # # # # # # # 
#                 # 
#                 # 
# B B B B B B     # 
# B         B     # 
# B         B F   # 
# B     B B B     # 
# B     B H       # 
# B T             # 
# # # # # # # # # # 
[ last/next direc: Direc.RIGHT/Direc.RIGHT ]

[ Episode 1 / Step 164 ]
# # # # # # # # # # 
#                 # 
#                 # 
# B B B B B B     # 
# B         B     # 
# B         B F   # 
# B     B B B     # 
# B     B B H     # 
# T               # 
# # # # # # # # # # 
[ last/next direc: Direc.RIGHT/Direc.RIGHT ]

[ Episode 1 / Step 165 ]
# # # # # # # # # # 
#                 # 
#                 # 
# B B B B B B     # 
# B         B     # 
# B         B F   # 
# B     B B B     # 
# T     B B B H   # 
#                 # 
# # # # # # # # # # 
[ last/next direc: Direc.RIGHT/Direc.UP ]

[ Episode 1 / Step 166 ]
# # # # # # # # # # 
#                 # 
#                 # 
# B B B B B B     # 
# B         B     # 
# B         B F   # 
# T     B B B H   # 
#       B B B B   # 
#                 # 
# # # # # # # # # # 
[ last/next direc: Direc.UP/Direc.UP ]

[ Episode 1 / Step 167 ]
# # # # # # # # # # 
#                 # 
#     F           # 
# B B B B B B     # 
# B         B     # 
# B         B H   # 
# T     B B B B   # 
#       B B B B   # 
#                 # 
# # # # # # # # # # 
[ last/next direc: Direc.UP/Direc.UP ]

[ Episode 1 / Step 168 ]
# # # # # # # # # # 
#                 # 
#     F           # 
# B B B B B B     # 
# B         B H   # 
# T         B B   # 
#       B B B B   # 
#       B B B B   # 
#                 # 
# # # # # # # # # # 
[ last/next direc: Direc.UP/Direc.UP ]

[ Episode 1 / Step 169 ]
# # # # # # # # # # 
#                 # 
#     F           # 
# B B B B B B H   # 
# T         B B   # 
#           B B   # 
#       B B B B   # 
#       B B B B   # 
#                 # 
# # # # # # # # # # 
[ last/next direc: Direc.UP/Direc.UP ]

[ Episode 1 / Step 170 ]
# # # # # # # # # # 
#                 # 
#     F       H   # 
# T B B B B B B   # 
#           B B   # 
#           B B   # 
#       B B B B   # 
#       B B B B   # 
#                 # 
# # # # # # # # # # 
[ last/next direc: Direc.UP/Direc.LEFT ]

[ Episode 1 / Step 171 ]
# # # # # # # # # # 
#                 # 
#     F     H B   # 
#   T B B B B B   # 
#           B B   # 
#           B B   # 
#       B B B B   # 
#       B B B B   # 
#                 # 
# # # # # # # # # # 
[ last/next direc: Direc.LEFT/Direc.LEFT ]

[ Episode 1 / Step 172 ]
# # # # # # # # # # 
#                 # 
#     F   H B B   # 
#     T B B B B   # 
#           B B   # 
#           B B   # 
#       B B B B   # 
#       B B B B   # 
#                 # 
# # # # # # # # # # 
[ last/next direc: Direc.LEFT/Direc.LEFT ]

[ Episode 1 / Step 173 ]
# # # # # # # # # # 
#                 # 
#     F H B B B   # 
#       T B B B   # 
#           B B   # 
#           B B   # 
#       B B B B   # 
#       B B B B   # 
#                 # 
# # # # # # # # # # 
[ last/next direc: Direc.LEFT/Direc.LEFT ]

[ Episode 1 / Step 174 ]
# # # # # # # # # # 
#                 # 
#     H B B B B   # 
#       T B B B   # 
#           B B   # 
#           B B F # 
#       B B B B   # 
#       B B B B   # 
#                 # 
# # # # # # # # # # 
[ last/next direc: Direc.LEFT/Direc.UP ]

[ Episode 1 / Step 175 ]
# # # # # # # # # # 
#     H           # 
#     B B B B B   # 
#         T B B   # 
#           B B   # 
#           B B F # 
#       B B B B   # 
#       B B B B   # 
#                 # 
# # # # # # # # # # 
[ last/next direc: Direc.UP/Direc.RIGHT ]

[ Episode 1 / Step 176 ]
# # # # # # # # # # 
#     B H         # 
#     B B B B B   # 
#           T B   # 
#           B B   # 
#           B B F # 
#       B B B B   # 
#       B B B B   # 
#                 # 
# # # # # # # # # # 
[ last/next direc: Direc.RIGHT/Direc.RIGHT ]

[ Episode 7 / Step 0 ]
# # # # # # # # # # 
# T B B H         # 
#                 # 
#                 # 
#                 # 
#                 # 
#                 # 
#             F   # 
#                 # 
# # # # # # # # # # 
[ last/next direc: Direc.RIGHT/Direc.RIGHT ]

[ Episode 7 / Step 1 ]
# # # # # # # # # # 
#   T B B H       # 
#                 # 
#                 # 
#                 # 
#                 # 
#                 # 
#             F   # 
#                 # 
# # # # # # # # # # 
[ last/next direc: Direc.RIGHT/Direc.RIGHT ]

[ Episode 7 / Step 2 ]
# # # # # # # # # # 
#     T B B H     # 
#                 # 
#                 # 
#                 # 
#                 # 
#                 # 
#             F   # 
#                 # 
# # # # # # # # # # 
[ last/next direc: Direc.RIGHT/Direc.RIGHT ]

[ Episode 7 / Step 3 ]
# # # # # # # # # # 
#       T B B H   # 
#                 # 
#                 # 
#                 # 
#                 # 
#                 # 
#             F   # 
#                 # 
# # # # # # # # # # 
[ last/next direc: Direc.RIGHT/Direc.RIGHT ]

[ Episode 7 / Step 4 ]
# # # # # # # # # # 
#         T B B H # 
#                 # 
#                 # 
#                 # 
#                 # 
#                 # 
#             F   # 
#                 # 
# # # # # # # # # # 
[ last/next direc: Direc.RIGHT/Direc.DOWN ]

[ Episode 7 / Step 5 ]
# # # # # # # # # # 
#           T B B # 
#               H # 
#                 # 
#                 # 
#                 # 
#                 # 
#             F   # 
#                 # 
# # # # # # # # # # 
[ last/next direc: Direc.DOWN/Direc.DOWN ]

[ Episode 7 / Step 6 ]
# # # # # # # # # # 
#             T B # 
#               B # 
#               H # 
#                 # 
#                 # 
#                 # 
#             F   # 
#                 # 
# # # # # # # # # # 
[ last/next direc: Direc.DOWN/Direc.DOWN ]

[ Episode 7 / Step 7 ]
# # # # # # # # # # 
#               T # 
#               B # 
#               B # 
#               H # 
#                 # 
#                 # 
#             F   # 
#                 # 
# # # # # # # # # # 
[ last/next direc: Direc.DOWN/Direc.DOWN ]

[ Episode 7 / Step 8 ]
# # # # # # # # # # 
#                 # 
#               T # 
#               B # 
#               B # 
#               H # 
#                 # 
#             F   # 
#                 # 
# # # # # # # # # # 
[ last/next direc: Direc.DOWN/Direc.DOWN ]

[ Episode 7 / Step 9 ]
# # # # # # # # # # 
#                 # 
#                 # 
#               T # 
#               B # 
#               B # 
#               H # 
#             F   # 
#                 # 
# # # # # # # # # # 
[ last/next direc: Direc.DOWN/Direc.DOWN ]

[ Episode 7 / Step 10 ]
# # # # # # # # # # 
#                 # 
#                 # 
#                 # 
#               T # 
#               B # 
#               B # 
#             F H # 
#                 # 
# # # # # # # # # # 
[ last/next direc: Direc.DOWN/Direc.LEFT ]

[ Episode 7 / Step 11 ]
# # # # # # # # # # 
#                 # 
#                 # 
#                 # 
#               T # 
#               B # 
#               B # 
# F           H B # 
#                 # 
# # # # # # # # # # 
[ last/next direc: Direc.LEFT/Direc.UP ]

[ Episode 7 / Step 12 ]
# # # # # # # # # # 
#                 # 
#                 # 
#                 # 
#                 # 
#               T # 
#             H B # 
# F           B B # 
#                 # 
# # # # # # # # # # 
[ last/next direc: Direc.UP/Direc.UP ]

[ Episode 7 / Step 13 ]
# # # # # # # # # # 
#                 # 
#                 # 
#                 # 
#                 # 
#             H   # 
#             B T # 
# F           B B # 
#                 # 
# # # # # # # # # # 
[ last/next direc: Direc.UP/Direc.UP ]

[ Episode 7 / Step 14 ]
# # # # # # # # # # 
#                 # 
#                 # 
#                 # 
#             H   # 
#             B   # 
#             B   # 
# F           B T # 
#                 # 
# # # # # # # # # # 
[ last/next direc: Direc.UP/Direc.UP ]

[ Episode 7 / Step 15 ]
# # # # # # # # # # 
#                 # 
#                 # 
#             H   # 
#             B   # 
#             B   # 
#             B   # 
# F           T   # 
#                 # 
# # # # # # # # # # 
[ last/next direc: Direc.UP/Direc.UP ]

[ Episode 7 / Step 16 ]
# # # # # # # # # # 
#                 # 
#             H   # 
#             B   # 
#             B   # 
#             B   # 
#             T   # 
# F               # 
#                 # 
# # # # # # # # # # 
[ last/next direc: Direc.UP/Direc.LEFT ]

[ Episode 7 / Step 17 ]
# # # # # # # # # # 
#                 # 
#           H B   # 
#             B   # 
#             B   # 
#             T   # 
#                 # 
# F               # 
#                 # 
# # # # # # # # # # 
[ last/next direc: Direc.LEFT/Direc.LEFT ]

[ Episode 7 / Step 18 ]
# # # # # # # # # # 
#                 # 
#         H B B   # 
#             B   # 
#             T   # 
#                 # 
#                 # 
# F               # 
#                 # 
# # # # # # # # # # 
[ last/next direc: Direc.LEFT/Direc.LEFT ]

[ Episode 7 / Step 19 ]
# # # # # # # # # # 
#                 # 
#       H B B B   # 
#             T   # 
#                 # 
#                 # 
#                 # 
# F               # 
#                 # 
# # # # # # # # # # 
[ last/next direc: Direc.LEFT/Direc.LEFT ]

[ Episode 7 / Step 20 ]
# # # # # # # # # # 
#                 # 
#     H B B B T   # 
#                 # 
#                 # 
#                 # 
#                 # 
# F               # 
#                 # 
# # # # # # # # # # 
[ last/next direc: Direc.LEFT/Direc.LEFT ]

[ Episode 7 / Step 21 ]
# # # # # # # # # # 
#                 # 
#   H B B B T     # 
#                 # 
#                 # 
#                 # 
#                 # 
# F               # 
#                 # 
# # # # # # # # # # 
[ last/next direc: Direc.LEFT/Direc.LEFT ]

[ Episode 7 / Step 22 ]
# # # # # # # # # # 
#                 # 
# H B B B T       # 
#                 # 
#                 # 
#                 # 
#                 # 
# F               # 
#                 # 
# # # # # # # # # # 
[ last/next direc: Direc.LEFT/Direc.UP ]

[ Episode 7 / Step 23 ]
# # # # # # # # # # 
# H               # 
# B B B T         # 
#                 # 
#                 # 
#                 # 
#                 # 
# F               # 
#                 # 
# # # # # # # # # # 
[ last/next direc: Direc.UP/Direc.RIGHT ]

[ Episode 7 / Step 24 ]
# # # # # # # # # # 
# B H             # 
# B B T           # 
#                 # 
#                 # 
#                 # 
#                 # 
# F               # 
#                 # 
# # # # # # # # # # 
[ last/next direc: Direc.RIGHT/Direc.RIGHT ]

[ Episode 7 / Step 25 ]
# # # # # # # # # # 
# B B H           # 
# B T             # 
#                 # 
#                 # 
#                 # 
#                 # 
# F               # 
#                 # 
# # # # # # # # # # 
[ last/next direc: Direc.RIGHT/Direc.RIGHT ]

[ Episode 7 / Step 26 ]
# # # # # # # # # # 
# B B B H         # 
# T               # 
#                 # 
#                 # 
#                 # 
#                 # 
# F               # 
#                 # 
# # # # # # # # # # 
[ last/next direc: Direc.RIGHT/Direc.RIGHT ]

[ Episode 7 / Step 27 ]
# # # # # # # # # # 
# T B B B H       # 
#                 # 
#                 # 
#                 # 
#                 # 
#                 # 
# F               # 
#                 # 
# # # # # # # # # # 
[ last/next direc: Direc.RIGHT/Direc.RIGHT ]

[ Episode 7 / Step 28 ]
# # # # # # # # # # 
#   T B B B H     # 
#                 # 
#                 # 
#                 # 
#                 # 
#                 # 
# F               # 
#                 # 
# # # # # # # # # # 
[ last/next direc: Direc.RIGHT/Direc.RIGHT ]

[ Episode 7 / Step 29 ]
# # # # # # # # # # 
#     T B B B H   # 
#                 # 
#                 # 
#                 # 
#                 # 
#                 # 
# F               # 
#                 # 
# # # # # # # # # # 
[ last/next direc: Direc.RIGHT/Direc.RIGHT ]

[ Episode 7 / Step 30 ]
# # # # # # # # # # 
#       T B B B H # 
#                 # 
#                 # 
#                 # 
#                 # 
#                 # 
# F               # 
#                 # 
# # # # # # # # # # 
[ last/next direc: Direc.RIGHT/Direc.DOWN ]

[ Episode 7 / Step 31 ]
# # # # # # # # # # 
#         T B B B # 
#               H # 
#                 # 
#                 # 
#                 # 
#                 # 
# F               # 
#                 # 
# # # # # # # # # # 
[ last/next direc: Direc.DOWN/Direc.DOWN ]

[ Episode 7 / Step 32 ]
# # # # # # # # # # 
#           T B B # 
#               B # 
#               H # 
#                 # 
#                 # 
#                 # 
# F               # 
#                 # 
# # # # # # # # # # 
[ last/next direc: Direc.DOWN/Direc.DOWN ]

[ Episode 7 / Step 33 ]
# # # # # # # # # # 
#             T B # 
#               B # 
#               B # 
#               H # 
#                 # 
#                 # 
# F               # 
#                 # 
# # # # # # # # # # 
[ last/next direc: Direc.DOWN/Direc.DOWN ]

[ Episode 7 / Step 34 ]
# # # # # # # # # # 
#               T # 
#               B # 
#               B # 
#               B # 
#               H # 
#                 # 
# F               # 
#                 # 
# # # # # # # # # # 
[ last/next direc: Direc.DOWN/Direc.DOWN ]

[ Episode 7 / Step 35 ]
# # # # # # # # # # 
#                 # 
#               T # 
#               B # 
#               B # 
#               B # 
#               H # 
# F               # 
#                 # 
# # # # # # # # # # 
[ last/next direc: Direc.DOWN/Direc.DOWN ]

[ Episode 7 / Step 36 ]
# # # # # # # # # # 
#                 # 
#                 # 
#               T # 
#               B # 
#               B # 
#               B # 
# F             H # 
#                 # 
# # # # # # # # # # 
[ last/next direc: Direc.DOWN/Direc.DOWN ]

[ Episode 7 / Step 37 ]
# # # # # # # # # # 
#                 # 
#                 # 
#                 # 
#               T # 
#               B # 
#               B # 
# F             B # 
#               H # 
# # # # # # # # # # 
[ last/next direc: Direc.DOWN/Direc.LEFT ]

[ Episode 7 / Step 38 ]
# # # # # # # # # # 
#                 # 
#                 # 
#                 # 
#                 # 
#               T # 
#               B # 
# F             B # 
#             H B # 
# # # # # # # # # # 
[ last/next direc: Direc.LEFT/Direc.LEFT ]

[ Episode 7 / Step 39 ]
# # # # # # # # # # 
#                 # 
#                 # 
#                 # 
#                 # 
#                 # 
#               T # 
# F             B # 
#           H B B # 
# # # # # # # # # # 
[ last/next direc: Direc.LEFT/Direc.LEFT ]

[ Episode 7 / Step 40 ]
# # # # # # # # # # 
#                 # 
#                 # 
#                 # 
#                 # 
#                 # 
#                 # 
# F             T # 
#         H B B B # 
# # # # # # # # # # 
[ last/next direc: Direc.LEFT/Direc.LEFT ]

[ Episode 7 / Step 41 ]
# # # # # # # # # # 
#                 # 
#                 # 
#                 # 
#                 # 
#                 # 
#                 # 
# F               # 
#       H B B B T # 
# # # # # # # # # # 
[ last/next direc: Direc.LEFT/Direc.LEFT ]

[ Episode 7 / Step 42 ]
# # # # # # # # # # 
#                 # 
#                 # 
#                 # 
#                 # 
#                 # 
#                 # 
# F               # 
#     H B B B T   # 
# # # # # # # # # # 
[ last/next direc: Direc.LEFT/Direc.LEFT ]

[ Episode 7 / Step 43 ]
# # # # # # # # # # 
#                 # 
#                 # 
#                 # 
#                 # 
#                 # 
#                 # 
# F               # 
#   H B B B T     # 
# # # # # # # # # # 
[ last/next direc: Direc.LEFT/Direc.LEFT ]

[ Episode 7 / Step 44 ]
# # # # # # # # # # 
#                 # 
#                 # 
#                 # 
#                 # 
#                 # 
#                 # 
# F               # 
# H B B B T       # 
# # # # # # # # # # 
[ last/next direc: Direc.LEFT/Direc.UP ]

[ Episode 7 / Step 45 ]
# # # # # # # # # # 
# F               # 
#                 # 
#                 # 
#                 # 
#                 # 
#                 # 
# H               # 
# B B B B T       # 
# # # # # # # # # # 
[ last/next direc: Direc.UP/Direc.UP ]

[ Episode 7 / Step 46 ]
# # # # # # # # # # 
# F               # 
#                 # 
#                 # 
#                 # 
#                 # 
# H               # 
# B               # 
# B B B T         # 
# # # # # # # # # # 
[ last/next direc: Direc.UP/Direc.UP ]

[ Episode 7 / Step 47 ]
# # # # # # # # # # 
# F               # 
#                 # 
#                 # 
#                 # 
# H               # 
# B               # 
# B               # 
# B B T           # 
# # # # # # # # # # 
[ last/next direc: Direc.UP/Direc.UP ]

[ Episode 7 / Step 48 ]
# # # # # # # # # # 
# F               # 
#                 # 
#                 # 
# H               # 
# B               # 
# B               # 
# B               # 
# B T             # 
# # # # # # # # # # 
[ last/next direc: Direc.UP/Direc.UP ]

[ Episode 7 / Step 49 ]
# # # # # # # # # # 
# F               # 
#                 # 
# H               # 
# B               # 
# B               # 
# B               # 
# B               # 
# T               # 
# # # # # # # # # # 
[ last/next direc: Direc.UP/Direc.UP ]

[ Episode 7 / Step 50 ]
# # # # # # # # # # 
# F               # 
# H               # 
# B               # 
# B               # 
# B               # 
# B               # 
# T               # 
#                 # 
# # # # # # # # # # 
[ last/next direc: Direc.UP/Direc.UP ]

[ Episode 7 / Step 51 ]
# # # # # # # # # # 
# H               # 
# B               # 
# B               # 
# B               # 
# B         F     # 
# B               # 
# T               # 
#                 # 
# # # # # # # # # # 
[ last/next direc: Direc.UP/Direc.RIGHT ]

[ Episode 7 / Step 52 ]
# # # # # # # # # # 
# B H             # 
# B               # 
# B               # 
# B               # 
# B         F     # 
# T               # 
#                 # 
#                 # 
# # # # # # # # # # 
[ last/next direc: Direc.RIGHT/Direc.RIGHT ]

[ Episode 7 / Step 53 ]
# # # # # # # # # # 
# B B H           # 
# B               # 
# B               # 
# B               # 
# T         F     # 
#                 # 
#                 # 
#                 # 
# # # # # # # # # # 
[ last/next direc: Direc.RIGHT/Direc.RIGHT ]

[ Episode 7 / Step 54 ]
# # # # # # # # # # 
# B B B H         # 
# B               # 
# B               # 
# T               # 
#           F     # 
#                 # 
#                 # 
#                 # 
# # # # # # # # # # 
[ last/next direc: Direc.RIGHT/Direc.RIGHT ]

[ Episode 7 / Step 55 ]
# # # # # # # # # # 
# B B B B H       # 
# B               # 
# T               # 
#                 # 
#           F     # 
#                 # 
#                 # 
#                 # 
# # # # # # # # # # 
[ last/next direc: Direc.RIGHT/Direc.RIGHT ]

[ Episode 7 / Step 56 ]
# # # # # # # # # # 
# B B B B B H     # 
# T               # 
#                 # 
#                 # 
#           F     # 
#                 # 
#                 # 
#                 # 
# # # # # # # # # # 
[ last/next direc: Direc.RIGHT/Direc.RIGHT ]

[ Episode 7 / Step 57 ]
# # # # # # # # # # 
# T B B B B B H   # 
#                 # 
#                 # 
#                 # 
#           F     # 
#                 # 
#                 # 
#                 # 
# # # # # # # # # # 
[ last/next direc: Direc.RIGHT/Direc.RIGHT ]

[ Episode 7 / Step 58 ]
# # # # # # # # # # 
#   T B B B B B H # 
#                 # 
#                 # 
#                 # 
#           F     # 
#                 # 
#                 # 
#                 # 
# # # # # # # # # # 
[ last/next direc: Direc.RIGHT/Direc.DOWN ]

[ Episode 7 / Step 59 ]
# # # # # # # # # # 
#     T B B B B B # 
#               H # 
#                 # 
#                 # 
#           F     # 
#                 # 
#                 # 
#                 # 
# # # # # # # # # # 
[ last/next direc: Direc.DOWN/Direc.DOWN ]

[ Episode 7 / Step 60 ]
# # # # # # # # # # 
#       T B B B B # 
#               B # 
#               H # 
#                 # 
#           F     # 
#                 # 
#                 # 
#                 # 
# # # # # # # # # # 
[ last/next direc: Direc.DOWN/Direc.DOWN ]

[ Episode 7 / Step 61 ]
# # # # # # # # # # 
#         T B B B # 
#               B # 
#               B # 
#               H # 
#           F     # 
#                 # 
#                 # 
#                 # 
# # # # # # # # # # 
[ last/next direc: Direc.DOWN/Direc.DOWN ]

[ Episode 7 / Step 62 ]
# # # # # # # # # # 
#           T B B # 
#               B # 
#               B # 
#               B # 
#           F   H # 
#                 # 
#                 # 
#                 # 
# # # # # # # # # # 
[ last/next direc: Direc.DOWN/Direc.DOWN ]

[ Episode 7 / Step 63 ]
# # # # # # # # # # 
#             T B # 
#               B # 
#               B # 
#               B # 
#           F   B # 
#               H # 
#                 # 
#                 # 
# # # # # # # # # # 
[ last/next direc: Direc.DOWN/Direc.DOWN ]

[ Episode 7 / Step 64 ]
# # # # # # # # # # 
#               T # 
#               B # 
#               B # 
#               B # 
#           F   B # 
#               B # 
#               H # 
#                 # 
# # # # # # # # # # 
[ last/next direc: Direc.DOWN/Direc.DOWN ]

[ Episode 7 / Step 65 ]
# # # # # # # # # # 
#                 # 
#               T # 
#               B # 
#               B # 
#           F   B # 
#               B # 
#               B # 
#               H # 
# # # # # # # # # # 
[ last/next direc: Direc.DOWN/Direc.LEFT ]

[ Episode 7 / Step 66 ]
# # # # # # # # # # 
#                 # 
#                 # 
#               T # 
#               B # 
#           F   B # 
#               B # 
#               B # 
#             H B # 
# # # # # # # # # # 
[ last/next direc: Direc.LEFT/Direc.LEFT ]

[ Episode 7 / Step 67 ]
# # # # # # # # # # 
#                 # 
#                 # 
#                 # 
#               T # 
#           F   B # 
#               B # 
#               B # 
#           H B B # 
# # # # # # # # # # 
[ last/next direc: Direc.LEFT/Direc.LEFT ]

[ Episode 7 / Step 68 ]
# # # # # # # # # # 
#                 # 
#                 # 
#                 # 
#                 # 
#           F   T # 
#               B # 
#               B # 
#         H B B B # 
# # # # # # # # # # 
[ last/next direc: Direc.LEFT/Direc.LEFT ]

[ Episode 7 / Step 69 ]
# # # # # # # # # # 
#                 # 
#                 # 
#                 # 
#                 # 
#           F     # 
#               T # 
#               B # 
#       H B B B B # 
# # # # # # # # # # 
[ last/next direc: Direc.LEFT/Direc.LEFT ]

[ Episode 7 / Step 70 ]
# # # # # # # # # # 
#                 # 
#                 # 
#                 # 
#                 # 
#           F     # 
#                 # 
#               T # 
#     H B B B B B # 
# # # # # # # # # # 
[ last/next direc: Direc.LEFT/Direc.LEFT ]

[ Episode 7 / Step 71 ]
# # # # # # # # # # 
#                 # 
#                 # 
#                 # 
#                 # 
#           F     # 
#                 # 
#                 # 
#   H B B B B B T # 
# # # # # # # # # # 
[ last/next direc: Direc.LEFT/Direc.LEFT ]

[ Episode 7 / Step 72 ]
# # # # # # # # # # 
#                 # 
#                 # 
#                 # 
#                 # 
#           F     # 
#                 # 
#                 # 
# H B B B B B T   # 
# # # # # # # # # # 
[ last/next direc: Direc.LEFT/Direc.UP ]

[ Episode 7 / Step 73 ]
# # # # # # # # # # 
#                 # 
#                 # 
#                 # 
#                 # 
#           F     # 
#                 # 
# H               # 
# B B B B B T     # 
# # # # # # # # # # 
[ last/next direc: Direc.UP/Direc.UP ]

[ Episode 7 / Step 74 ]
# # # # # # # # # # 
#                 # 
#                 # 
#                 # 
#                 # 
#           F     # 
# H               # 
# B               # 
# B B B B T       # 
# # # # # # # # # # 
[ last/next direc: Direc.UP/Direc.UP ]

[ Episode 7 / Step 75 ]
# # # # # # # # # # 
#                 # 
#                 # 
#                 # 
#                 # 
# H         F     # 
# B               # 
# B               # 
# B B B T         # 
# # # # # # # # # # 
[ last/next direc: Direc.UP/Direc.UP ]

[ Episode 7 / Step 76 ]
# # # # # # # # # # 
#                 # 
#                 # 
#                 # 
# H               # 
# B         F     # 
# B               # 
# B               # 
# B B T           # 
# # # # # # # # # # 
[ last/next direc: Direc.UP/Direc.UP ]

[ Episode 7 / Step 77 ]
# # # # # # # # # # 
#                 # 
#                 # 
# H               # 
# B               # 
# B         F     # 
# B               # 
# B               # 
# B T             # 
# # # # # # # # # # 
[ last/next direc: Direc.UP/Direc.RIGHT ]

[ Episode 7 / Step 78 ]
# # # # # # # # # # 
#                 # 
#                 # 
# B H             # 
# B               # 
# B         F     # 
# B               # 
# B               # 
# T               # 
# # # # # # # # # # 
[ last/next direc: Direc.RIGHT/Direc.RIGHT ]

[ Episode 7 / Step 79 ]
# # # # # # # # # # 
#                 # 
#                 # 
# B B H           # 
# B               # 
# B         F     # 
# B               # 
# T               # 
#                 # 
# # # # # # # # # # 
[ last/next direc: Direc.RIGHT/Direc.RIGHT ]

[ Episode 7 / Step 80 ]
# # # # # # # # # # 
#                 # 
#                 # 
# B B B H         # 
# B               # 
# B         F     # 
# T               # 
#                 # 
#                 # 
# # # # # # # # # # 
[ last/next direc: Direc.RIGHT/Direc.RIGHT ]

[ Episode 7 / Step 81 ]
# # # # # # # # # # 
#                 # 
#                 # 
# B B B B H       # 
# B               # 
# T         F     # 
#                 # 
#                 # 
#                 # 
# # # # # # # # # # 
[ last/next direc: Direc.RIGHT/Direc.RIGHT ]

[ Episode 7 / Step 82 ]
# # # # # # # # # # 
#                 # 
#                 # 
# B B B B B H     # 
# T               # 
#           F     # 
#                 # 
#                 # 
#                 # 
# # # # # # # # # # 
[ last/next direc: Direc.RIGHT/Direc.DOWN ]

[ Episode 7 / Step 83 ]
# # # # # # # # # # 
#                 # 
#                 # 
# T B B B B B     # 
#           H     # 
#           F     # 
#                 # 
#                 # 
#                 # 
# # # # # # # # # # 
[ last/next direc: Direc.DOWN/Direc.DOWN ]

[ Episode 7 / Step 84 ]
# # # # # # # # # # 
#                 # 
#                 # 
# T B B B B B     # 
#           B     # 
#           H     # 
# F               # 
#                 # 
#                 # 
# # # # # # # # # # 
[ last/next direc: Direc.DOWN/Direc.DOWN ]

[ Episode 7 / Step 85 ]
# # # # # # # # # # 
#                 # 
#                 # 
#   T B B B B     # 
#           B     # 
#           B     # 
# F         H     # 
#                 # 
#                 # 
# # # # # # # # # # 
[ last/next direc: Direc.DOWN/Direc.LEFT ]

[ Episode 7 / Step 86 ]
# # # # # # # # # # 
#                 # 
#                 # 
#     T B B B     # 
#           B     # 
#           B     # 
# F       H B     # 
#                 # 
#                 # 
# # # # # # # # # # 
[ last/next direc: Direc.LEFT/Direc.LEFT ]

[ Episode 7 / Step 87 ]
# # # # # # # # # # 
#                 # 
#                 # 
#       T B B     # 
#           B     # 
#           B     # 
# F     H B B     # 
#                 # 
#                 # 
# # # # # # # # # # 
[ last/next direc: Direc.LEFT/Direc.LEFT ]

[ Episode 7 / Step 88 ]
# # # # # # # # # # 
#                 # 
#                 # 
#         T B     # 
#           B     # 
#           B     # 
# F   H B B B     # 
#                 # 
#                 # 
# # # # # # # # # # 
[ last/next direc: Direc.LEFT/Direc.LEFT ]

[ Episode 7 / Step 89 ]
# # # # # # # # # # 
#                 # 
#                 # 
#           T     # 
#           B     # 
#           B     # 
# F H B B B B     # 
#                 # 
#                 # 
# # # # # # # # # # 
[ last/next direc: Direc.LEFT/Direc.LEFT ]

[ Episode 7 / Step 90 ]
# # # # # # # # # # 
#                 # 
#                 # 
#           T     # 
#           B     # 
#     F     B     # 
# H B B B B B     # 
#                 # 
#                 # 
# # # # # # # # # # 
[ last/next direc: Direc.LEFT/Direc.UP ]

[ Episode 7 / Step 91 ]
# # # # # # # # # # 
#                 # 
#                 # 
#                 # 
#           T     # 
# H   F     B     # 
# B B B B B B     # 
#                 # 
#                 # 
# # # # # # # # # # 
[ last/next direc: Direc.UP/Direc.UP ]

[ Episode 7 / Step 92 ]
# # # # # # # # # # 
#                 # 
#                 # 
#                 # 
# H               # 
# B   F     T     # 
# B B B B B B     # 
#                 # 
#                 # 
# # # # # # # # # # 
[ last/next direc: Direc.UP/Direc.UP ]

[ Episode 7 / Step 93 ]
# # # # # # # # # # 
#                 # 
#                 # 
# H               # 
# B               # 
# B   F           # 
# B B B B B T     # 
#                 # 
#                 # 
# # # # # # # # # # 
[ last/next direc: Direc.UP/Direc.RIGHT ]

[ Episode 7 / Step 94 ]
# # # # # # # # # # 
#                 # 
#                 # 
# B H             # 
# B               # 
# B   F           # 
# B B B B T       # 
#                 # 
#                 # 
# # # # # # # # # # 
[ last/next direc: Direc.RIGHT/Direc.RIGHT ]

[ Episode 7 / Step 95 ]
# # # # # # # # # # 
#                 # 
#                 # 
# B B H           # 
# B               # 
# B   F           # 
# B B B T         # 
#                 # 
#                 # 
# # # # # # # # # # 
[ last/next direc: Direc.RIGHT/Direc.RIGHT ]

[ Episode 7 / Step 96 ]
# # # # # # # # # # 
#                 # 
#                 # 
# B B B H         # 
# B               # 
# B   F           # 
# B B T           # 
#                 # 
#                 # 
# # # # # # # # # # 
[ last/next direc: Direc.RIGHT/Direc.RIGHT ]

[ Episode 7 / Step 97 ]
# # # # # # # # # # 
#                 # 
#                 # 
# B B B B H       # 
# B               # 
# B   F           # 
# B T             # 
#                 # 
#                 # 
# # # # # # # # # # 
[ last/next direc: Direc.RIGHT/Direc.RIGHT ]

[ Episode 7 / Step 98 ]
# # # # # # # # # # 
#                 # 
#                 # 
# B B B B B H     # 
# B               # 
# B   F           # 
# T               # 
#                 # 
#                 # 
# # # # # # # # # # 
[ last/next direc: Direc.RIGHT/Direc.DOWN ]

[ Episode 7 / Step 99 ]
# # # # # # # # # # 
#                 # 
#                 # 
# B B B B B B     # 
# B         H     # 
# T   F           # 
#                 # 
#                 # 
#                 # 
# # # # # # # # # # 
[ last/next direc: Direc.DOWN/Direc.DOWN ]

[ Episode 7 / Step 100 ]
# # # # # # # # # # 
#                 # 
#                 # 
# B B B B B B     # 
# T         B     # 
#     F     H     # 
#                 # 
#                 # 
#                 # 
# # # # # # # # # # 
[ last/next direc: Direc.DOWN/Direc.DOWN ]

[ Episode 7 / Step 101 ]
# # # # # # # # # # 
#                 # 
#                 # 
# T B B B B B     # 
#           B     # 
#     F     B     # 
#           H     # 
#                 # 
#                 # 
# # # # # # # # # # 
[ last/next direc: Direc.DOWN/Direc.LEFT ]

[ Episode 7 / Step 102 ]
# # # # # # # # # # 
#                 # 
#                 # 
#   T B B B B     # 
#           B     # 
#     F     B     # 
#         H B     # 
#                 # 
#                 # 
# # # # # # # # # # 
[ last/next direc: Direc.LEFT/Direc.LEFT ]

[ Episode 7 / Step 103 ]
# # # # # # # # # # 
#                 # 
#                 # 
#     T B B B     # 
#           B     # 
#     F     B     # 
#       H B B     # 
#                 # 
#                 # 
# # # # # # # # # # 
[ last/next direc: Direc.LEFT/Direc.LEFT ]

[ Episode 7 / Step 104 ]
# # # # # # # # # # 
#                 # 
#                 # 
#       T B B     # 
#           B     # 
#     F     B     # 
#     H B B B     # 
#                 # 
#                 # 
# # # # # # # # # # 
[ last/next direc: Direc.LEFT/Direc.UP ]

[ Episode 7 / Step 105 ]
# # # # # # # # # # 
#                 # 
# F               # 
#       T B B     # 
#           B     # 
#     H     B     # 
#     B B B B     # 
#                 # 
#                 # 
# # # # # # # # # # 
[ last/next direc: Direc.UP/Direc.UP ]

[ Episode 7 / Step 106 ]
# # # # # # # # # # 
#                 # 
# F               # 
#         T B     # 
#     H     B     # 
#     B     B     # 
#     B B B B     # 
#                 # 
#                 # 
# # # # # # # # # # 
[ last/next direc: Direc.UP/Direc.LEFT ]

[ Episode 7 / Step 107 ]
# # # # # # # # # # 
#                 # 
# F               # 
#           T     # 
#   H B     B     # 
#     B     B     # 
#     B B B B     # 
#                 # 
#                 # 
# # # # # # # # # # 
[ last/next direc: Direc.LEFT/Direc.DOWN ]

[ Episode 7 / Step 108 ]
# # # # # # # # # # 
#                 # 
# F               # 
#                 # 
#   B B     T     # 
#   H B     B     # 
#     B B B B     # 
#                 # 
#                 # 
# # # # # # # # # # 
[ last/next direc: Direc.DOWN/Direc.DOWN ]

[ Episode 7 / Step 109 ]
# # # # # # # # # # 
#                 # 
# F               # 
#                 # 
#   B B           # 
#   B B     T     # 
#   H B B B B     # 
#                 # 
#                 # 
# # # # # # # # # # 
[ last/next direc: Direc.DOWN/Direc.DOWN ]

[ Episode 7 / Step 110 ]
# # # # # # # # # # 
#                 # 
# F               # 
#                 # 
#   B B           # 
#   B B           # 
#   B B B B T     # 
#   H             # 
#                 # 
# # # # # # # # # # 
[ last/next direc: Direc.DOWN/Direc.RIGHT ]

[ Episode 7 / Step 111 ]
# # # # # # # # # # 
#                 # 
# F               # 
#                 # 
#   B B           # 
#   B B           # 
#   B B B T       # 
#   B H           # 
#                 # 
# # # # # # # # # # 
[ last/next direc: Direc.RIGHT/Direc.RIGHT ]

[ Episode 7 / Step 112 ]
# # # # # # # # # # 
#                 # 
# F               # 
#                 # 
#   B B           # 
#   B B           # 
#   B B T         # 
#   B B H         # 
#                 # 
# # # # # # # # # # 
[ last/next direc: Direc.RIGHT/Direc.RIGHT ]

[ Episode 7 / Step 113 ]
# # # # # # # # # # 
#                 # 
# F               # 
#                 # 
#   B B           # 
#   B B           # 
#   B T           # 
#   B B B H       # 
#                 # 
# # # # # # # # # # 
[ last/next direc: Direc.RIGHT/Direc.RIGHT ]

[ Episode 7 / Step 114 ]
# # # # # # # # # # 
#                 # 
# F               # 
#                 # 
#   B B           # 
#   B T           # 
#   B             # 
#   B B B B H     # 
#                 # 
# # # # # # # # # # 
[ last/next direc: Direc.RIGHT/Direc.RIGHT ]

[ Episode 7 / Step 115 ]
# # # # # # # # # # 
#                 # 
# F               # 
#                 # 
#   B T           # 
#   B             # 
#   B             # 
#   B B B B B H   # 
#                 # 
# # # # # # # # # # 
[ last/next direc: Direc.RIGHT/Direc.UP ]

[ Episode 7 / Step 116 ]
# # # # # # # # # # 
#                 # 
# F               # 
#                 # 
#   T             # 
#   B             # 
#   B         H   # 
#   B B B B B B   # 
#                 # 
# # # # # # # # # # 
[ last/next direc: Direc.UP/Direc.UP ]

[ Episode 7 / Step 117 ]
# # # # # # # # # # 
#                 # 
# F               # 
#                 # 
#                 # 
#   T         H   # 
#   B         B   # 
#   B B B B B B   # 
#                 # 
# # # # # # # # # # 
[ last/next direc: Direc.UP/Direc.UP ]

[ Episode 7 / Step 118 ]
# # # # # # # # # # 
#                 # 
# F               # 
#                 # 
#             H   # 
#             B   # 
#   T         B   # 
#   B B B B B B   # 
#                 # 
# # # # # # # # # # 
[ last/next direc: Direc.UP/Direc.UP ]

[ Episode 7 / Step 119 ]
# # # # # # # # # # 
#                 # 
# F               # 
#             H   # 
#             B   # 
#             B   # 
#             B   # 
#   T B B B B B   # 
#                 # 
# # # # # # # # # # 
[ last/next direc: Direc.UP/Direc.UP ]

[ Episode 7 / Step 120 ]
# # # # # # # # # # 
#                 # 
# F           H   # 
#             B   # 
#             B   # 
#             B   # 
#             B   # 
#     T B B B B   # 
#                 # 
# # # # # # # # # # 
[ last/next direc: Direc.UP/Direc.LEFT ]

[ Episode 7 / Step 121 ]
# # # # # # # # # # 
#                 # 
# F         H B   # 
#             B   # 
#             B   # 
#             B   # 
#             B   # 
#       T B B B   # 
#                 # 
# # # # # # # # # # 
[ last/next direc: Direc.LEFT/Direc.LEFT ]

